Terminals unused in grammar

    TOKEN_FLOAT
    TOKEN_DELIMITADOR_ABRE_CHAVES
    TOKEN_DELIMITADOR_FECHA_CHAVES
    TOKEN_DESCONHECIDO
    LOWER_THAN_ELSE


State 0 conflicts: 1 shift/reduce
State 1 conflicts: 3 shift/reduce
State 17 conflicts: 1 shift/reduce
State 29 conflicts: 1 shift/reduce
State 38 conflicts: 1 shift/reduce


Grammar

    0 $accept: programa $end

    1 programa: lista_comandos_opt newlines_opt

    2 newlines_opt: ε
    3             | newlines_opt TOKEN_NEWLINE

    4 lista_comandos_opt: ε
    5                   | lista_comandos

    6 lista_comandos: comando
    7               | lista_comandos comando

    8 comando: atribuicao
    9        | expressao
   10        | if_stmt
   11        | while_stmt
   12        | for_stmt
   13        | TOKEN_NEWLINE
   14        | bloco
   15        | declaracao_funcao
   16        | retorno

   17 $@1: ε

   18 declaracao_funcao: TOKEN_PALAVRA_CHAVE_DEF TOKEN_IDENTIFICADOR TOKEN_DELIMITADOR_ABRE_PARENTESES lista_identificadores TOKEN_DELIMITADOR_FECHA_PARENTESES TOKEN_DELIMITADOR_DOIS_PONTOS $@1 bloco

   19 retorno: TOKEN_PALAVRA_CHAVE_RETURN expressao

   20 atribuicao: atribuicao_simples
   21           | atribuicao_multipla
   22           | atribuicao_encadeada
   23           | atribuicao_indexacao

   24 atribuicao_indexacao: TOKEN_IDENTIFICADOR TOKEN_DELIMITADOR_ABRE_COLCHETES expressao TOKEN_DELIMITADOR_FECHA_COLCHETES TOKEN_OPERADOR_ATRIBUICAO expressao

   25 atribuicao_simples: TOKEN_IDENTIFICADOR TOKEN_OPERADOR_ATRIBUICAO expressao

   26 atribuicao_multipla: lista_identificadores TOKEN_OPERADOR_ATRIBUICAO lista_expressoes

   27 atribuicao_encadeada: TOKEN_IDENTIFICADOR TOKEN_OPERADOR_ATRIBUICAO atribuicao

   28 lista_identificadores: TOKEN_IDENTIFICADOR
   29                      | lista_identificadores TOKEN_DELIMITADOR_VIRGULA TOKEN_IDENTIFICADOR

   30 lista_expressoes: expressao
   31                 | lista_expressoes TOKEN_DELIMITADOR_VIRGULA expressao

   32 lista_argumentos: ε
   33                 | expressao
   34                 | lista_argumentos TOKEN_DELIMITADOR_VIRGULA expressao

   35 chamada_funcao: TOKEN_IDENTIFICADOR TOKEN_DELIMITADOR_ABRE_PARENTESES lista_argumentos TOKEN_DELIMITADOR_FECHA_PARENTESES

   36 expressao: expressao TOKEN_OPERADOR_MAIS expressao
   37          | expressao TOKEN_OPERADOR_MENOS expressao
   38          | expressao TOKEN_OPERADOR_MULTIPLICACAO expressao
   39          | expressao TOKEN_OPERADOR_DIVISAO expressao
   40          | expressao TOKEN_OPERADOR_IGUAL expressao
   41          | expressao TOKEN_OPERADOR_DIFERENTE expressao
   42          | expressao TOKEN_OPERADOR_MENOR expressao
   43          | expressao TOKEN_OPERADOR_MENOR_IGUAL expressao
   44          | expressao TOKEN_OPERADOR_MAIOR expressao
   45          | expressao TOKEN_OPERADOR_MAIOR_IGUAL expressao
   46          | expressao TOKEN_OPERADOR_LOGICO_AND expressao
   47          | expressao TOKEN_OPERADOR_LOGICO_OR expressao
   48          | TOKEN_OPERADOR_LOGICO_NOT expressao
   49          | atomo

   50 atomo: TOKEN_DELIMITADOR_ABRE_PARENTESES expressao TOKEN_DELIMITADOR_FECHA_PARENTESES
   51      | TOKEN_INTEIRO
   52      | TOKEN_IDENTIFICADOR
   53      | TOKEN_STRING
   54      | TOKEN_PALAVRA_CHAVE_TRUE
   55      | TOKEN_PALAVRA_CHAVE_FALSE
   56      | TOKEN_DELIMITADOR_ABRE_COLCHETES lista_valores TOKEN_DELIMITADOR_FECHA_COLCHETES
   57      | chamada_index
   58      | chamada_funcao

   59 lista_valores: ε
   60              | lista_expressoes

   61 chamada_index: atomo TOKEN_DELIMITADOR_ABRE_COLCHETES expressao TOKEN_DELIMITADOR_FECHA_COLCHETES

   62 bloco: TOKEN_NEWLINE TOKEN_INDENT lista_comandos TOKEN_DEDENT

   63 if_stmt: TOKEN_PALAVRA_CHAVE_IF expressao TOKEN_DELIMITADOR_DOIS_PONTOS bloco
   64        | TOKEN_PALAVRA_CHAVE_IF expressao TOKEN_DELIMITADOR_DOIS_PONTOS bloco TOKEN_PALAVRA_CHAVE_ELIF expressao TOKEN_DELIMITADOR_DOIS_PONTOS bloco
   65        | TOKEN_PALAVRA_CHAVE_IF expressao TOKEN_DELIMITADOR_DOIS_PONTOS bloco TOKEN_PALAVRA_CHAVE_ELIF expressao TOKEN_DELIMITADOR_DOIS_PONTOS bloco TOKEN_PALAVRA_CHAVE_ELSE TOKEN_DELIMITADOR_DOIS_PONTOS bloco
   66        | TOKEN_PALAVRA_CHAVE_IF expressao TOKEN_DELIMITADOR_DOIS_PONTOS bloco TOKEN_PALAVRA_CHAVE_ELSE TOKEN_DELIMITADOR_DOIS_PONTOS bloco

   67 $@2: ε

   68 while_stmt: TOKEN_PALAVRA_CHAVE_WHILE expressao TOKEN_DELIMITADOR_DOIS_PONTOS $@2 bloco

   69 $@3: ε

   70 for_stmt: TOKEN_PALAVRA_CHAVE_FOR TOKEN_IDENTIFICADOR TOKEN_PALAVRA_CHAVE_IN expressao TOKEN_DELIMITADOR_DOIS_PONTOS $@3 bloco


Terminals, with rules where they appear

    $end (0) 0
    error (256)
    TOKEN_IDENTIFICADOR <sval> (258) 18 24 25 27 28 29 35 52 70
    TOKEN_STRING <sval> (259) 53
    TOKEN_INTEIRO <ival> (260) 51
    TOKEN_PALAVRA_CHAVE_TRUE <ival> (261) 54
    TOKEN_PALAVRA_CHAVE_FALSE <ival> (262) 55
    TOKEN_FLOAT (263)
    TOKEN_PALAVRA_CHAVE_IF (264) 63 64 65 66
    TOKEN_PALAVRA_CHAVE_ELSE (265) 65 66
    TOKEN_PALAVRA_CHAVE_ELIF (266) 64 65
    TOKEN_PALAVRA_CHAVE_WHILE (267) 68
    TOKEN_PALAVRA_CHAVE_FOR (268) 70
    TOKEN_PALAVRA_CHAVE_RETURN (269) 19
    TOKEN_PALAVRA_CHAVE_IN (270) 70
    TOKEN_OPERADOR_IGUAL (271) 40
    TOKEN_OPERADOR_DIFERENTE (272) 41
    TOKEN_OPERADOR_MENOR_IGUAL (273) 43
    TOKEN_OPERADOR_MAIOR_IGUAL (274) 45
    TOKEN_OPERADOR_MENOR (275) 42
    TOKEN_OPERADOR_MAIOR (276) 44
    TOKEN_OPERADOR_ATRIBUICAO (277) 24 25 26 27
    TOKEN_OPERADOR_MAIS (278) 36
    TOKEN_OPERADOR_MENOS (279) 37
    TOKEN_OPERADOR_MULTIPLICACAO (280) 38
    TOKEN_OPERADOR_DIVISAO (281) 39
    TOKEN_DELIMITADOR_DOIS_PONTOS (282) 18 63 64 65 66 68 70
    TOKEN_DELIMITADOR_VIRGULA (283) 29 31 34
    TOKEN_DELIMITADOR_ABRE_PARENTESES (284) 18 35 50
    TOKEN_DELIMITADOR_FECHA_PARENTESES (285) 18 35 50
    TOKEN_DELIMITADOR_ABRE_CHAVES (286)
    TOKEN_DELIMITADOR_FECHA_CHAVES (287)
    TOKEN_DELIMITADOR_ABRE_COLCHETES (288) 24 56 61
    TOKEN_DELIMITADOR_FECHA_COLCHETES (289) 24 56 61
    TOKEN_DESCONHECIDO (290)
    TOKEN_NEWLINE (291) 3 13 62
    TOKEN_INDENT (292) 62
    TOKEN_DEDENT (293) 62
    TOKEN_PALAVRA_CHAVE_DEF (294) 18
    TOKEN_OPERADOR_LOGICO_AND (295) 46
    TOKEN_OPERADOR_LOGICO_OR (296) 47
    TOKEN_OPERADOR_LOGICO_NOT (297) 48
    LOWER_THAN_ELSE (298)


Nonterminals, with rules where they appear

    $accept (44)
        on left: 0
    programa <no> (45)
        on left: 1
        on right: 0
    newlines_opt (46)
        on left: 2 3
        on right: 1 3
    lista_comandos_opt <no> (47)
        on left: 4 5
        on right: 1
    lista_comandos <no> (48)
        on left: 6 7
        on right: 5 7 62
    comando <no> (49)
        on left: 8 9 10 11 12 13 14 15 16
        on right: 6 7
    declaracao_funcao <no> (50)
        on left: 18
        on right: 15
    $@1 (51)
        on left: 17
        on right: 18
    retorno <no> (52)
        on left: 19
        on right: 16
    atribuicao <no> (53)
        on left: 20 21 22 23
        on right: 8 27
    atribuicao_indexacao <no> (54)
        on left: 24
        on right: 23
    atribuicao_simples <no> (55)
        on left: 25
        on right: 20
    atribuicao_multipla <no> (56)
        on left: 26
        on right: 21
    atribuicao_encadeada <no> (57)
        on left: 27
        on right: 22
    lista_identificadores <no> (58)
        on left: 28 29
        on right: 18 26 29
    lista_expressoes <no> (59)
        on left: 30 31
        on right: 26 31 60
    lista_argumentos <no> (60)
        on left: 32 33 34
        on right: 34 35
    chamada_funcao <no> (61)
        on left: 35
        on right: 58
    expressao <no> (62)
        on left: 36 37 38 39 40 41 42 43 44 45 46 47 48 49
        on right: 9 19 24 25 30 31 33 34 36 37 38 39 40 41 42 43 44 45 46 47 48 50 61 63 64 65 66 68 70
    atomo <no> (63)
        on left: 50 51 52 53 54 55 56 57 58
        on right: 49 61
    lista_valores <no> (64)
        on left: 59 60
        on right: 56
    chamada_index <no> (65)
        on left: 61
        on right: 57
    bloco <no> (66)
        on left: 62
        on right: 14 18 63 64 65 66 68 70
    if_stmt <no> (67)
        on left: 63 64 65 66
        on right: 10
    while_stmt <no> (68)
        on left: 68
        on right: 11
    $@2 (69)
        on left: 67
        on right: 68
    for_stmt <no> (70)
        on left: 70
        on right: 12
    $@3 (71)
        on left: 69
        on right: 70


State 0

    0 $accept: • programa $end

    TOKEN_IDENTIFICADOR                shift, and go to state 1
    TOKEN_STRING                       shift, and go to state 2
    TOKEN_INTEIRO                      shift, and go to state 3
    TOKEN_PALAVRA_CHAVE_TRUE           shift, and go to state 4
    TOKEN_PALAVRA_CHAVE_FALSE          shift, and go to state 5
    TOKEN_PALAVRA_CHAVE_IF             shift, and go to state 6
    TOKEN_PALAVRA_CHAVE_WHILE          shift, and go to state 7
    TOKEN_PALAVRA_CHAVE_FOR            shift, and go to state 8
    TOKEN_PALAVRA_CHAVE_RETURN         shift, and go to state 9
    TOKEN_DELIMITADOR_ABRE_PARENTESES  shift, and go to state 10
    TOKEN_DELIMITADOR_ABRE_COLCHETES   shift, and go to state 11
    TOKEN_NEWLINE                      shift, and go to state 12
    TOKEN_PALAVRA_CHAVE_DEF            shift, and go to state 13
    TOKEN_OPERADOR_LOGICO_NOT          shift, and go to state 14

    TOKEN_NEWLINE  [reduce using rule 4 (lista_comandos_opt)]
    $default       reduce using rule 4 (lista_comandos_opt)

    programa               go to state 15
    lista_comandos_opt     go to state 16
    lista_comandos         go to state 17
    comando                go to state 18
    declaracao_funcao      go to state 19
    retorno                go to state 20
    atribuicao             go to state 21
    atribuicao_indexacao   go to state 22
    atribuicao_simples     go to state 23
    atribuicao_multipla    go to state 24
    atribuicao_encadeada   go to state 25
    lista_identificadores  go to state 26
    chamada_funcao         go to state 27
    expressao              go to state 28
    atomo                  go to state 29
    chamada_index          go to state 30
    bloco                  go to state 31
    if_stmt                go to state 32
    while_stmt             go to state 33
    for_stmt               go to state 34

    shift/reduce conflict on token TOKEN_NEWLINE:
        4 lista_comandos_opt: ε •
       13 comando: • TOKEN_NEWLINE
      Example: • TOKEN_NEWLINE
      Shift derivation
        programa
        ↳ 1: lista_comandos_opt              newlines_opt
             ↳ 5: lista_comandos             ↳ 1: ε
                  ↳ 6: comando
                       ↳ 13: • TOKEN_NEWLINE
      Reduce derivation
        programa
        ↳ 1: lista_comandos_opt newlines_opt
             ↳ 4: ε •           ↳ 3: newlines_opt TOKEN_NEWLINE
                                     ↳ 3: ε

    shift/reduce conflict on token TOKEN_NEWLINE:
        4 lista_comandos_opt: ε •
       62 bloco: • TOKEN_NEWLINE TOKEN_INDENT lista_comandos TOKEN_DEDENT
      First example: • TOKEN_NEWLINE TOKEN_INDENT lista_comandos TOKEN_DEDENT newlines_opt $end
      Shift derivation
        $accept
        ↳ 0: programa                                                                                         $end
             ↳ 1: lista_comandos_opt                                                             newlines_opt
                  ↳ 5: lista_comandos
                       ↳ 6: comando
                            ↳ 14: bloco
                                  ↳ 62: • TOKEN_NEWLINE TOKEN_INDENT lista_comandos TOKEN_DEDENT
      Second example: • newlines_opt TOKEN_NEWLINE TOKEN_NEWLINE $end
      Reduce derivation
        $accept
        ↳ 0: programa                                                              $end
             ↳ 1: lista_comandos_opt newlines_opt
                  ↳ 4: ε •           ↳ 3: newlines_opt TOKEN_NEWLINE TOKEN_NEWLINE



State 1

   24 atribuicao_indexacao: TOKEN_IDENTIFICADOR • TOKEN_DELIMITADOR_ABRE_COLCHETES expressao TOKEN_DELIMITADOR_FECHA_COLCHETES TOKEN_OPERADOR_ATRIBUICAO expressao
   25 atribuicao_simples: TOKEN_IDENTIFICADOR • TOKEN_OPERADOR_ATRIBUICAO expressao
   27 atribuicao_encadead