Iniciando parser...
LEXER: Token identificador (a)
LEXER: Token IGUAL (=)
LEXER: Token ABRE PARENTESES (()
LEXER: Token INTEIRO (1)
LEXER: Token MAIS (+)
LEXER: Token INTEIRO (2)
LEXER: Token FECHA PARENTESES ())
LEXER: Token DIVISÃO (/)
LEXER: Token INTEIRO (2)
LEXER: Token VEZES (*)
LEXER: Token INTEIRO (4)
LEXER: Token QUEBRA LINHA (/n)
LEXER: Token identificador (a)
LEXER: Token MAIS (+)
LEXER: Token ABRE PARENTESES (()
LEXER: Token identificador (b)
LEXER: Token MAIS (+)
LEXER: Token identificador (c)
LEXER: Token FECHA PARENTESES ())
LEXER: Token VEZES (*)
LEXER: Token INTEIRO (2)
Parsing concluído com sucesso!
