TOKEN: IDENTIFICADOR: a
TOKEN: OPERADOR: =
TOKEN: IDENTIFICADOR: True
TOKEN: IDENTIFICADOR: b
TOKEN: OPERADOR: =
TOKEN: IDENTIFICADOR: True
TOKEN: IDENTIFICADOR: c
TOKEN: OPERADOR: =
TOKEN: IDENTIFICADOR: True
TOKEN: IDENTIFICADOR: d
TOKEN: OPERADOR: =
TOKEN: IDENTIFICADOR: True
TOKEN: PALAVRA-CHAVE IF
TOKEN: DELIMITADOR: (
TOKEN: IDENTIFICADOR: a
TOKEN: IDENTIFICADOR: or
TOKEN: DELIMITADOR: (
TOKEN: IDENTIFICADOR: c
TOKEN: IDENTIFICADOR: and
TOKEN: IDENTIFICADOR: d
TOKEN: DELIMITADOR: )
TOKEN: DELIMITADOR: )
TOKEN: DELIMITADOR: :
TOKEN: IDENTIFICADOR: print
TOKEN: DELIMITADOR: (
TOKEN: STRING: "if"
TOKEN: DELIMITADOR: )
TOKEN: PALAVRA-CHAVE ELIF
TOKEN: DELIMITADOR: (
TOKEN: IDENTIFICADOR: a
TOKEN: IDENTIFICADOR: and
TOKEN: IDENTIFICADOR: b
TOKEN: DELIMITADOR: )
TOKEN: DELIMITADOR: :
TOKEN: IDENTIFICADOR: print
TOKEN: DELIMITADOR: (
TOKEN: STRING: "elif"
TOKEN: DELIMITADOR: )
TOKEN: PALAVRA-CHAVE ELSE
TOKEN: DELIMITADOR: :
TOKEN: IDENTIFICADOR: print
TOKEN: DELIMITADOR: (
TOKEN: STRING: "else"
TOKEN: DELIMITADOR: )
