LEXER: Token identificador (a)
LEXER: Token IGUAL (=)
LEXER: Token INTEIRO (2)
LEXER: Token QUEBRA LINHA (/n)
LEXER: Token identificador (b)
LEXER: Token IGUAL (=)
LEXER: Token INTEIRO (2)
LEXER: Token QUEBRA LINHA (/n)
LEXER: Token identificador (soma)
LEXER: Token ABRE PARENTESES (()
LEXER: Token identificador (a)
LEXER: Token VIRGULA (,)
LEXER: Token identificador (b)
LEXER: Token FECHA PARENTESES ())
LEXER: Token QUEBRA LINHA (/n)
LEXER: Token INDENT
LEXER: Token identificador (a)
LEXER: Token MAIS (+)
LEXER: Token identificador (b)
LEXER: Token QUEBRA LINHA (/n)
LEXER: Token QUEBRA LINHA (/n)
LEXER: Token identificador (soma)
LEXER: Token ABRE PARENTESES (()
LEXER: Token identificador (a)
LEXER: Token VIRGULA (,)
LEXER: Token identificador (b)
LEXER: Token FECHA PARENTESES ())
