IDENTIFICADOR: inteiro
OPERADOR: =
NUMERO-INTEIRO: 1
IDENTIFICADOR: flutuante
OPERADOR: =
NUMERO-FLOAT: 2.013
IDENTIFICADOR: string
OPERADOR: =
STRING: "olá, mundo!"
IDENTIFICADOR: boolean
OPERADOR: =
IDENTIFICADOR: False
IDENTIFICADOR: vetor
OPERADOR: =
DELIMITADOR: [
IDENTIFICADOR: False
DELIMITADOR: ,
NUMERO-INTEIRO: 1
DELIMITADOR: ,
NUMERO-FLOAT: 2.1
DELIMITADOR: ,
STRING: "3"
DELIMITADOR: ]
IDENTIFICADOR: dict
OPERADOR: =
DELIMITADOR: {
STRING: 'case1'
DELIMITADOR: :
NUMERO-INTEIRO: 1
DELIMITADOR: ,
STRING: 'case2'
DELIMITADOR: :
NUMERO-FLOAT: 2.013
DELIMITADOR: ,
STRING: 'case3'
DELIMITADOR: :
IDENTIFICADOR: True
DELIMITADOR: ,
STRING: 'case4'
DELIMITADOR: :
STRING: "texto"
DELIMITADOR: }
